<?xml version="1.0" encoding="UTF-8"?>
<!-- Generated by org.testng.reporters.JUnitReportReporter -->
<testsuite skipped="0" hostname="users-MBP" name="tests.LoginTest" tests="2" failures="0" timestamp="2020-03-22T00:14:11 AEDT" time="183.518" errors="0">
  <testcase name="signup" time="90.708" classname="tests.LoginTest"/>
  <system-out/>
  <testcase name="loginTest" time="92.810" classname="tests.LoginTest"/>
  <system-out/>
</testsuite> <!-- tests.LoginTest -->
