<?xml version="1.0" encoding="UTF-8"?>
<!-- Generated by org.testng.reporters.JUnitReportReporter -->
<testsuite skipped="0" hostname="users-MacBook-Pro.local" name="tests.BaseClass" tests="1" failures="0" timestamp="2020-03-21T08:56:37 AEDT" time="0.006" errors="0">
  <testcase name="dummy" time="0.006" classname="tests.BaseClass"/>
  <system-out/>
</testsuite> <!-- tests.BaseClass -->
